2020-03-16 15:19:38.955  INFO 68948 --- [main] c.i.W.WikiDocsProjectApplication         : Starting WikiDocsProjectApplication on USABOS150107L with PID 68948 (C:\Users\daniel.neal01\verizon\target\classes started by daniel.neal01 in C:\Users\daniel.neal01\verizon)
2020-03-16 15:19:39.038  INFO 68948 --- [main] c.i.W.WikiDocsProjectApplication         : No active profile set, falling back to default profiles: default
2020-03-16 15:19:41.774  INFO 68948 --- [main] .s.d.r.c.RepositoryConfigurationDelegate : Bootstrapping Spring Data MongoDB repositories in DEFAULT mode.
2020-03-16 15:19:41.961  INFO 68948 --- [main] .s.d.r.c.RepositoryConfigurationDelegate : Finished Spring Data repository scanning in 178ms. Found 2 MongoDB repository interfaces.
2020-03-16 15:19:45.206  INFO 68948 --- [main] o.s.b.w.embedded.tomcat.TomcatWebServer  : Tomcat initialized with port(s): 8080 (http)
2020-03-16 15:19:45.233  INFO 68948 --- [main] o.apache.catalina.core.StandardService   : Starting service [Tomcat]
2020-03-16 15:19:45.237  INFO 68948 --- [main] org.apache.catalina.core.StandardEngine  : Starting Servlet engine: [Apache Tomcat/9.0.31]
2020-03-16 15:19:45.767  INFO 68948 --- [main] o.a.c.c.C.[.[localhost].[/DLM_Wiki]      : Initializing Spring embedded WebApplicationContext
2020-03-16 15:19:45.767  INFO 68948 --- [main] o.s.web.context.ContextLoader            : Root WebApplicationContext: initialization completed in 5828 ms
2020-03-16 15:19:46.883  INFO 68948 --- [main] org.mongodb.driver.cluster               : Cluster created with settings {hosts=[localhost:27017], mode=SINGLE, requiredClusterType=UNKNOWN, serverSelectionTimeout='30000 ms', maxWaitQueueSize=500}
2020-03-16 15:19:47.026  INFO 68948 --- [cluster-ClusterId{value='5e6fdf6272368f332238596e', description='null'}-localhost:27017] org.mongodb.driver.connection            : Opened connection [connectionId{localValue:1, serverValue:5}] to localhost:27017
2020-03-16 15:19:47.034  INFO 68948 --- [cluster-ClusterId{value='5e6fdf6272368f332238596e', description='null'}-localhost:27017] org.mongodb.driver.cluster               : Monitor thread successfully connected to server with description ServerDescription{address=localhost:27017, type=STANDALONE, state=CONNECTED, ok=true, version=ServerVersion{versionList=[4, 0, 3]}, minWireVersion=0, maxWireVersion=7, maxDocumentSize=16777216, logicalSessionTimeoutMinutes=30, roundTripTimeNanos=4596098}
2020-03-16 15:19:48.767  INFO 68948 --- [main] o.s.s.concurrent.ThreadPoolTaskExecutor  : Initializing ExecutorService 'applicationTaskExecutor'
2020-03-16 15:19:49.589  INFO 68948 --- [main] o.s.b.w.embedded.tomcat.TomcatWebServer  : Tomcat started on port(s): 8080 (http) with context path '/DLM_Wiki'
2020-03-16 15:19:49.600  INFO 68948 --- [main] c.i.W.WikiDocsProjectApplication         : Started WikiDocsProjectApplication in 12.088 seconds (JVM running for 13.809)
2020-03-16 15:19:56.453  INFO 68948 --- [http-nio-8080-exec-1] o.a.c.c.C.[.[localhost].[/DLM_Wiki]      : Initializing Spring DispatcherServlet 'dispatcherServlet'
2020-03-16 15:19:56.453  INFO 68948 --- [http-nio-8080-exec-1] o.s.web.servlet.DispatcherServlet        : Initializing Servlet 'dispatcherServlet'
2020-03-16 15:19:56.468  INFO 68948 --- [http-nio-8080-exec-1] o.s.web.servlet.DispatcherServlet        : Completed initialization in 14 ms
2020-03-16 15:19:56.673  INFO 68948 --- [http-nio-8080-exec-2] com.infy.WikiDocsProject.API.UserAPI     : USER TRYING TO LOGIN, VALIDATING CREDENTIALS, EMAIL ID ENTERED: sophiacannon@yahoo.com
2020-03-16 15:19:56.912  INFO 68948 --- [http-nio-8080-exec-2] org.mongodb.driver.connection            : Opened connection [connectionId{localValue:2, serverValue:6}] to localhost:27017
2020-03-16 15:19:57.243  INFO 68948 --- [http-nio-8080-exec-2] com.infy.WikiDocsProject.API.UserAPI     : USER FOUND, RETRIEVING USER ARTICLES
2020-03-16 15:19:57.352  INFO 68948 --- [http-nio-8080-exec-2] com.infy.WikiDocsProject.API.UserAPI     : USER LOGIN SUCCESS: sophiacannon@yahoo.com
2020-03-16 15:19:57.497  INFO 68948 --- [http-nio-8080-exec-3] com.infy.WikiDocsProject.API.ArticleAPI  : GETTING ALL APPROVED ARTICLES
2020-03-16 15:19:57.559  INFO 68948 --- [http-nio-8080-exec-3] com.infy.WikiDocsProject.API.ArticleAPI  : RETRIEVED ALL APPROVED ARTICLES
2020-03-16 15:20:02.375  INFO 68948 --- [http-nio-8080-exec-5] com.infy.WikiDocsProject.API.ArticleAPI  : CREATING NEW ARTICLE FOR USER WITH EMAIL sophiacannon@yahoo.com
2020-03-16 15:20:02.618  INFO 68948 --- [http-nio-8080-exec-5] com.infy.WikiDocsProject.API.ArticleAPI  : CREATED NEW ARTICLE FOR USER WITH EMAIL sophiacannon@yahoo.com
2020-03-16 15:20:22.469  INFO 68948 --- [http-nio-8080-exec-8] com.infy.WikiDocsProject.API.ArticleAPI  : GETTING ALL INITIAL ARTICLES BELONG TO USER WITH EMAIL: sophiacannon@yahoo.com
2020-03-16 15:20:22.478  INFO 68948 --- [http-nio-8080-exec-8] com.infy.WikiDocsProject.API.ArticleAPI  : GETTING ALL INITIAL ARTICLES BELONG TO USER WITH EMAIL: sophiacannon@yahoo.com
2020-03-16 15:20:44.383  INFO 68948 --- [http-nio-8080-exec-10] com.infy.WikiDocsProject.API.ArticleAPI  : GETTING ALL INITIAL ARTICLES BELONG TO USER WITH EMAIL: sophiacannon@yahoo.com
2020-03-16 15:20:44.398  INFO 68948 --- [http-nio-8080-exec-10] com.infy.WikiDocsProject.API.ArticleAPI  : GETTING ALL INITIAL ARTICLES BELONG TO USER WITH EMAIL: sophiacannon@yahoo.com
2020-03-16 15:21:15.808  INFO 68948 --- [http-nio-8080-exec-2] com.infy.WikiDocsProject.API.ArticleAPI  : GETTING ALL INITIAL ARTICLES BELONG TO USER WITH EMAIL: sophiacannon@yahoo.com
2020-03-16 15:21:15.818  INFO 68948 --- [http-nio-8080-exec-2] com.infy.WikiDocsProject.API.ArticleAPI  : GETTING ALL INITIAL ARTICLES BELONG TO USER WITH EMAIL: sophiacannon@yahoo.com
2020-03-16 15:21:19.187  INFO 68948 --- [http-nio-8080-exec-4] com.infy.WikiDocsProject.API.ArticleAPI  : SUBMITTING ARTICLE FOR APPROVAL FOR USER WITH EMAIL sophiacannon@yahoo.com
2020-03-16 15:21:19.191  INFO 68948 --- [http-nio-8080-exec-4] com.infy.WikiDocsProject.API.ArticleAPI  : ARTICLE SUBMITTED FOR APPROVAL FOR USER WITH EMAIL sophiacannon@yahoo.com
2020-03-16 15:21:19.205  INFO 68948 --- [http-nio-8080-exec-5] com.infy.WikiDocsProject.API.ArticleAPI  : GETTING ALL INITIAL ARTICLES BELONG TO USER WITH EMAIL: sophiacannon@yahoo.com
2020-03-16 15:21:19.216  INFO 68948 --- [http-nio-8080-exec-5] com.infy.WikiDocsProject.API.ArticleAPI  : GETTING ALL INITIAL ARTICLES BELONG TO USER WITH EMAIL: sophiacannon@yahoo.com
2020-03-16 15:21:27.318  INFO 68948 --- [http-nio-8080-exec-6] com.infy.WikiDocsProject.API.ArticleAPI  : GETTING ALL BETA ARTICLES BELONG TO USER WITH EMAIL: sophiacannon@yahoo.com
2020-03-16 15:21:27.326  INFO 68948 --- [http-nio-8080-exec-6] com.infy.WikiDocsProject.API.ArticleAPI  : RETRIEVED ALL APPROVED ARTICLES BELONG TO USER WITH EMAIL: sophiacannon@yahoo.com
2020-03-16 15:21:37.348  INFO 68948 --- [http-nio-8080-exec-7] com.infy.WikiDocsProject.API.ArticleAPI  : GETTING ALL INITIAL ARTICLES BELONG TO USER WITH EMAIL: sophiacannon@yahoo.com
2020-03-16 15:21:37.366  INFO 68948 --- [http-nio-8080-exec-7] com.infy.WikiDocsProject.API.ArticleAPI  : GETTING ALL INITIAL ARTICLES BELONG TO USER WITH EMAIL: sophiacannon@yahoo.com
2020-03-16 15:30:21.706  INFO 49532 --- [main] c.i.W.WikiDocsProjectApplication         : Starting WikiDocsProjectApplication on USABOS150107L with PID 49532 (C:\Users\daniel.neal01\verizon\target\classes started by daniel.neal01 in C:\Users\daniel.neal01\verizon)
2020-03-16 15:30:21.713  INFO 49532 --- [main] c.i.W.WikiDocsProjectApplication         : No active profile set, falling back to default profiles: default
2020-03-16 15:30:24.358  INFO 49532 --- [main] .s.d.r.c.RepositoryConfigurationDelegate : Bootstrapping Spring Data MongoDB repositories in DEFAULT mode.
2020-03-16 15:30:24.502  INFO 49532 --- [main] .s.d.r.c.RepositoryConfigurationDelegate : Finished Spring Data repository scanning in 133ms. Found 2 MongoDB repository interfaces.
2020-03-16 15:30:27.041  INFO 49532 --- [main] o.s.b.w.embedded.tomcat.TomcatWebServer  : Tomcat initialized with port(s): 8080 (http)
2020-03-16 15:30:27.074  INFO 49532 --- [main] o.apache.catalina.core.StandardService   : Starting service [Tomcat]
2020-03-16 15:30:27.075  INFO 49532 --- [main] org.apache.catalina.core.StandardEngine  : Starting Servlet engine: [Apache Tomcat/9.0.31]
2020-03-16 15:30:27.400  INFO 49532 --- [main] o.a.c.c.C.[.[localhost].[/DLM_Wiki]      : Initializing Spring embedded WebApplicationContext
2020-03-16 15:30:27.402  INFO 49532 --- [main] o.s.web.context.ContextLoader            : Root WebApplicationContext: initialization completed in 4871 ms
2020-03-16 15:30:28.503  INFO 49532 --- [main] org.mongodb.driver.cluster               : Cluster created with settings {hosts=[localhost:27017], mode=SINGLE, requiredClusterType=UNKNOWN, serverSelectionTimeout='30000 ms', maxWaitQueueSize=500}
2020-03-16 15:30:28.642  INFO 49532 --- [cluster-ClusterId{value='5e6fe1e4506c7a19f8cc1f2b', description='null'}-localhost:27017] org.mongodb.driver.connection            : Opened connection [connectionId{localValue:1, serverValue:7}] to localhost:27017
2020-03-16 15:30:28.651  INFO 49532 --- [cluster-ClusterId{value='5e6fe1e4506c7a19f8cc1f2b', description='null'}-localhost:27017] org.mongodb.driver.cluster               : Monitor thread successfully connected to server with description ServerDescription{address=localhost:27017, type=STANDALONE, state=CONNECTED, ok=true, version=ServerVersion{versionList=[4, 0, 3]}, minWireVersion=0, maxWireVersion=7, maxDocumentSize=16777216, logicalSessionTimeoutMinutes=30, roundTripTimeNanos=4463996}
2020-03-16 15:30:31.228  INFO 49532 --- [main] o.s.s.concurrent.ThreadPoolTaskExecutor  : Initializing ExecutorService 'applicationTaskExecutor'
2020-03-16 15:30:33.288  INFO 49532 --- [main] o.s.b.w.embedded.tomcat.TomcatWebServer  : Tomcat started on port(s): 8080 (http) with context path '/DLM_Wiki'
2020-03-16 15:30:33.292  INFO 49532 --- [main] c.i.W.WikiDocsProjectApplication         : Started WikiDocsProjectApplication in 13.023 seconds (JVM running for 14.158)
2020-03-16 15:31:03.745  INFO 49532 --- [http-nio-8080-exec-1] o.a.c.c.C.[.[localhost].[/DLM_Wiki]      : Initializing Spring DispatcherServlet 'dispatcherServlet'
2020-03-16 15:31:03.746  INFO 49532 --- [http-nio-8080-exec-1] o.s.web.servlet.DispatcherServlet        : Initializing Servlet 'dispatcherServlet'
2020-03-16 15:31:03.758  INFO 49532 --- [http-nio-8080-exec-1] o.s.web.servlet.DispatcherServlet        : Completed initialization in 12 ms
2020-03-16 15:31:04.026  INFO 49532 --- [http-nio-8080-exec-2] com.infy.WikiDocsProject.API.UserAPI     : USER TRYING TO LOGIN, VALIDATING CREDENTIALS, EMAIL ID ENTERED: sophiacannon@yahoo.com
2020-03-16 15:31:04.223  INFO 49532 --- [http-nio-8080-exec-2] org.mongodb.driver.connection            : Opened connection [connectionId{localValue:2, serverValue:8}] to localhost:27017
2020-03-16 15:31:04.486  INFO 49532 --- [http-nio-8080-exec-2] com.infy.WikiDocsProject.API.UserAPI     : USER FOUND, RETRIEVING USER ARTICLES
2020-03-16 15:31:04.584  INFO 49532 --- [http-nio-8080-exec-2] com.infy.WikiDocsProject.API.UserAPI     : USER LOGIN SUCCESS: sophiacannon@yahoo.com
2020-03-16 15:31:04.742  INFO 49532 --- [http-nio-8080-exec-3] com.infy.WikiDocsProject.API.ArticleAPI  : GETTING ALL APPROVED ARTICLES
2020-03-16 15:31:04.808  INFO 49532 --- [http-nio-8080-exec-3] com.infy.WikiDocsProject.API.ArticleAPI  : RETRIEVED ALL APPROVED ARTICLES
2020-03-16 15:31:10.830  INFO 49532 --- [http-nio-8080-exec-5] com.infy.WikiDocsProject.API.ArticleAPI  : CREATING NEW ARTICLE FOR USER WITH EMAIL sophiacannon@yahoo.com
2020-03-16 15:31:27.307  INFO 49532 --- [http-nio-8080-exec-7] com.infy.WikiDocsProject.API.ArticleAPI  : CREATING NEW ARTICLE FOR USER WITH EMAIL sophiacannon@yahoo.com
2020-03-16 15:31:27.408  INFO 49532 --- [http-nio-8080-exec-7] com.infy.WikiDocsProject.API.ArticleAPI  : CREATED NEW ARTICLE FOR USER WITH EMAIL sophiacannon@yahoo.com
2020-03-16 15:31:41.922  INFO 49532 --- [http-nio-8080-exec-10] com.infy.WikiDocsProject.API.ArticleAPI  : GETTING ALL INITIAL ARTICLES BELONG TO USER WITH EMAIL: sophiacannon@yahoo.com
2020-03-16 15:31:41.934  INFO 49532 --- [http-nio-8080-exec-10] com.infy.WikiDocsProject.API.ArticleAPI  : GETTING ALL INITIAL ARTICLES BELONG TO USER WITH EMAIL: sophiacannon@yahoo.com
2020-03-16 15:32:08.652  INFO 49532 --- [http-nio-8080-exec-2] com.infy.WikiDocsProject.API.ArticleAPI  : GETTING ALL APPROVED ARTICLES
2020-03-16 15:32:08.677  INFO 49532 --- [http-nio-8080-exec-2] com.infy.WikiDocsProject.API.ArticleAPI  : RETRIEVED ALL APPROVED ARTICLES
